[     411ms] Error: useOverlay must be used within an OverlayProvider
    at ke (http://localhost:1420/node_modules/.vite/deps/@pikoloo_darwin-ui.js?v=b79eedc1:115206:27)
    at va (http://localhost:1420/node_modules/.vite/deps/@pikoloo_darwin-ui.js?v=b79eedc1:115326:196)
    at Object.react_stack_bottom_frame (http://localhost:1420/node_modules/.vite/deps/react-dom_client.js?v=b79eedc1:18509:20)
    at renderWithHooks (http://localhost:1420/node_modules/.vite/deps/react-dom_client.js?v=b79eedc1:5654:24)
    at updateFunctionComponent (http://localhost:1420/node_modules/.vite/deps/react-dom_client.js?v=b79eedc1:7475:21)
    at beginWork (http://localhost:1420/node_modules/.vite/deps/react-dom_client.js?v=b79eedc1:8525:20)
    at runWithFiberInDEV (http://localhost:1420/node_modules/.vite/deps/react-dom_client.js?v=b79eedc1:997:72)
    at performUnitOfWork (http://localhost:1420/node_modules/.vite/deps/react-dom_client.js?v=b79eedc1:12561:98)
    at workLoopSync (http://localhost:1420/node_modules/.vite/deps/react-dom_client.js?v=b79eedc1:12424:43)
    at renderRootSync (http://localhost:1420/node_modules/.vite/deps/react-dom_client.js?v=b79eedc1:12408:13)
[     383ms] [WARNING] %s

%s
 An error occurred in the <va> component. Consider adding an error boundary to your tree to customize error handling behavior.
Visit https://react.dev/link/error-boundaries to learn more about error boundaries. @ http://localhost:1420/node_modules/.vite/deps/react-dom_client.js?v=b79eedc1:6965
[     411ms] [ERROR] Failed to load resource: the server responded with a status of 404 (Not Found) @ http://localhost:1420/favicon.ico:0
[   64127ms] Error: useOverlay must be used within an OverlayProvider
    at ke (http://localhost:1420/node_modules/.vite/deps/@pikoloo_darwin-ui.js?v=b79eedc1:115206:27)
    at va (http://localhost:1420/node_modules/.vite/deps/@pikoloo_darwin-ui.js?v=b79eedc1:115326:196)
    at Object.react_stack_bottom_frame (http://localhost:1420/node_modules/.vite/deps/react-dom_client.js?v=b79eedc1:18509:20)
    at renderWithHooks (http://localhost:1420/node_modules/.vite/deps/react-dom_client.js?v=b79eedc1:5654:24)
    at updateFunctionComponent (http://localhost:1420/node_modules/.vite/deps/react-dom_client.js?v=b79eedc1:7475:21)
    at beginWork (http://localhost:1420/node_modules/.vite/deps/react-dom_client.js?v=b79eedc1:8525:20)
    at runWithFiberInDEV (http://localhost:1420/node_modules/.vite/deps/react-dom_client.js?v=b79eedc1:997:72)
    at performUnitOfWork (http://localhost:1420/node_modules/.vite/deps/react-dom_client.js?v=b79eedc1:12561:98)
    at workLoopSync (http://localhost:1420/node_modules/.vite/deps/react-dom_client.js?v=b79eedc1:12424:43)
    at renderRootSync (http://localhost:1420/node_modules/.vite/deps/react-dom_client.js?v=b79eedc1:12408:13)
[   64127ms] [WARNING] %s

%s
 An error occurred in the <va> component. Consider adding an error boundary to your tree to customize error handling behavior.
Visit https://react.dev/link/error-boundaries to learn more about error boundaries. @ http://localhost:1420/node_modules/.vite/deps/react-dom_client.js?v=b79eedc1:6965
[   66587ms] [ERROR] bootstrap failed TypeError: Cannot read properties of undefined (reading 'invoke')
    at invoke (http://localhost:1420/node_modules/.vite/deps/chunk-G7S6KQDI.js?v=b79eedc1:109:37)
    at getI18nBundle (http://localhost:1420/src/lib/api.ts:3:10)
    at http://localhost:1420/src/context/AppContext.tsx:165:18
    at Object.react_stack_bottom_frame (http://localhost:1420/node_modules/.vite/deps/react-dom_client.js?v=b79eedc1:18567:20)
    at runWithFiberInDEV (http://localhost:1420/node_modules/.vite/deps/react-dom_client.js?v=b79eedc1:997:72)
    at commitHookEffectListMount (http://localhost:1420/node_modules/.vite/deps/react-dom_client.js?v=b79eedc1:9411:163)
    at commitHookPassiveMountEffects (http://localhost:1420/node_modules/.vite/deps/react-dom_client.js?v=b79eedc1:9465:60)
    at commitPassiveMountOnFiber (http://localhost:1420/node_modules/.vite/deps/react-dom_client.js?v=b79eedc1:11040:29)
    at recursivelyTraversePassiveMountEffects (http://localhost:1420/node_modules/.vite/deps/react-dom_client.js?v=b79eedc1:11010:13)
    at commitPassiveMountOnFiber (http://localhost:1420/node_modules/.vite/deps/react-dom_client.js?v=b79eedc1:11201:13) @ http://localhost:1420/src/context/AppContext.tsx:173
[   66587ms] [ERROR] bootstrap failed TypeError: Cannot read properties of undefined (reading 'invoke')
    at invoke (http://localhost:1420/node_modules/.vite/deps/chunk-G7S6KQDI.js?v=b79eedc1:109:37)
    at getI18nBundle (http://localhost:1420/src/lib/api.ts:3:10)
    at http://localhost:1420/src/context/AppContext.tsx:165:18
    at Object.react_stack_bottom_frame (http://localhost:1420/node_modules/.vite/deps/react-dom_client.js?v=b79eedc1:18567:20)
    at runWithFiberInDEV (http://localhost:1420/node_modules/.vite/deps/react-dom_client.js?v=b79eedc1:997:72)
    at commitHookEffectListMount (http://localhost:1420/node_modules/.vite/deps/react-dom_client.js?v=b79eedc1:9411:163)
    at commitHookPassiveMountEffects (http://localhost:1420/node_modules/.vite/deps/react-dom_client.js?v=b79eedc1:9465:60)
    at reconnectPassiveEffects (http://localhost:1420/node_modules/.vite/deps/react-dom_client.js?v=b79eedc1:11273:13)
    at recursivelyTraverseReconnectPassiveEffects (http://localhost:1420/node_modules/.vite/deps/react-dom_client.js?v=b79eedc1:11240:11)
    at reconnectPassiveEffects (http://localhost:1420/node_modules/.vite/deps/react-dom_client.js?v=b79eedc1:11317:13) @ http://localhost:1420/src/context/AppContext.tsx:173
